<?xml version="1.0" encoding="UTF-8"?>
<testng-results ignored="0" total="7" passed="0" failed="7" skipped="0">
  <reporter-output>
  </reporter-output>
  <suite started-at="2025-06-16T23:02:16 NPT" name="Default suite" finished-at="2025-06-16T23:08:36 NPT" duration-ms="380218">
    <groups>
    </groups>
    <test started-at="2025-06-16T23:02:16 NPT" name="Default test" finished-at="2025-06-16T23:08:36 NPT" duration-ms="380218">
      <class name="Test.buyvoicepackTest">
        <test-method is-config="true" signature="initializeReport()[pri:0, instance:Test.buyvoicepackTest@7b8233cd]" started-at="2025-06-16T23:02:16 NPT" name="initializeReport" finished-at="2025-06-16T23:02:16 NPT" duration-ms="36" status="PASS">
          <reporter-output>
          </reporter-output>
        </test-method> <!-- initializeReport -->
        <test-method is-config="true" signature="setup()[pri:0, instance:Test.buyvoicepackTest@7b8233cd]" started-at="2025-06-16T23:02:16 NPT" name="setup" finished-at="2025-06-16T23:02:43 NPT" duration-ms="26474" status="PASS">
          <reporter-output>
          </reporter-output>
        </test-method> <!-- setup -->
        <test-method is-config="true" signature="setUpPage()[pri:0, instance:Test.buyvoicepackTest@7b8233cd]" started-at="2025-06-16T23:02:43 NPT" name="setUpPage" finished-at="2025-06-16T23:02:43 NPT" duration-ms="21" status="PASS">
          <reporter-output>
          </reporter-output>
        </test-method> <!-- setUpPage -->
        <test-method signature="testAllProduct()[pri:1, instance:Test.buyvoicepackTest@7b8233cd]" started-at="2025-06-16T23:02:43 NPT" name="testAllProduct" finished-at="2025-06-16T23:04:01 NPT" duration-ms="77720" status="FAIL">
          <exception class="java.lang.AssertionError">
            <message>
              <![CDATA[Failed to click on: All Products - Expected condition failed: waiting for element to be clickable: By.xpath: //*[@content-desc='All Products'] (tried for 30 second(s) with 500 milliseconds interval)]]>
            </message>
            <full-stacktrace>
              <![CDATA[java.lang.AssertionError: Failed to click on: All Products - Expected condition failed: waiting for element to be clickable: By.xpath: //*[@content-desc='All Products'] (tried for 30 second(s) with 500 milliseconds interval)
at org.testng.Assert.fail(Assert.java:110)
at Pages.BuyvoicepackPage.clickElement(BuyvoicepackPage.java:298)
at Pages.BuyvoicepackPage.allProductFlow(BuyvoicepackPage.java:74)
at Test.buyvoicepackTest.testAllProduct(buyvoicepackTest.java:29)
at java.base/jdk.internal.reflect.DirectMethodHandleAccessor.invoke(DirectMethodHandleAccessor.java:103)
at java.base/java.lang.reflect.Method.invoke(Method.java:580)
at org.testng.internal.invokers.MethodInvocationHelper.invokeMethod(MethodInvocationHelper.java:139)
at org.testng.internal.invokers.TestInvoker.invokeMethod(TestInvoker.java:677)
at org.testng.internal.invokers.TestInvoker.invokeTestMethod(TestInvoker.java:221)
at org.testng.internal.invokers.MethodRunner.runInSequence(MethodRunner.java:50)
at org.testng.internal.invokers.TestInvoker$MethodInvocationAgent.invoke(TestInvoker.java:962)
at org.testng.internal.invokers.TestInvoker.invokeTestMethods(TestInvoker.java:194)
at org.testng.internal.invokers.TestMethodWorker.invokeTestMethods(TestMethodWorker.java:148)
at org.testng.internal.invokers.TestMethodWorker.run(TestMethodWorker.java:128)
at java.base/java.util.ArrayList.forEach(ArrayList.java:1596)
at org.testng.TestRunner.privateRun(TestRunner.java:806)
at org.testng.TestRunner.run(TestRunner.java:601)
at org.testng.SuiteRunner.runTest(SuiteRunner.java:433)
at org.testng.SuiteRunner.runSequentially(SuiteRunner.java:427)
at org.testng.SuiteRunner.privateRun(SuiteRunner.java:387)
at org.testng.SuiteRunner.run(SuiteRunner.java:330)
at org.testng.SuiteRunnerWorker.runSuite(SuiteRunnerWorker.java:52)
at org.testng.SuiteRunnerWorker.run(SuiteRunnerWorker.java:95)
at org.testng.TestNG.runSuitesSequentially(TestNG.java:1256)
at org.testng.TestNG.runSuitesLocally(TestNG.java:1176)
at org.testng.TestNG.runSuites(TestNG.java:1099)
at org.testng.TestNG.run(TestNG.java:1067)
at org.testng.remote.AbstractRemoteTestNG.run(AbstractRemoteTestNG.java:115)
at org.testng.remote.RemoteTestNG.initAndRun(RemoteTestNG.java:293)
at org.testng.remote.RemoteTestNG.main(RemoteTestNG.java:91)
]]>
            </full-stacktrace>
          </exception> <!-- java.lang.AssertionError -->
          <reporter-output>
          </reporter-output>
        </test-method> <!-- testAllProduct -->
        <test-method signature="testSpecialOffer()[pri:2, instance:Test.buyvoicepackTest@7b8233cd]" started-at="2025-06-16T23:04:01 NPT" name="testSpecialOffer" finished-at="2025-06-16T23:04:34 NPT" duration-ms="33268" status="FAIL">
          <exception class="java.lang.AssertionError">
            <message>
              <![CDATA[Failed to click on: Special Offer - Expected condition failed: waiting for element to be clickable: By.xpath: //*[@content-desc='Special Offer'] (tried for 30 second(s) with 500 milliseconds interval)]]>
            </message>
            <full-stacktrace>
              <![CDATA[java.lang.AssertionError: Failed to click on: Special Offer - Expected condition failed: waiting for element to be clickable: By.xpath: //*[@content-desc='Special Offer'] (tried for 30 second(s) with 500 milliseconds interval)
at org.testng.Assert.fail(Assert.java:110)
at Pages.BuyvoicepackPage.clickElement(BuyvoicepackPage.java:298)
at Pages.BuyvoicepackPage.specialOfferFlow(BuyvoicepackPage.java:93)
at Test.buyvoicepackTest.testSpecialOffer(buyvoicepackTest.java:41)
at java.base/jdk.internal.reflect.DirectMethodHandleAccessor.invoke(DirectMethodHandleAccessor.java:103)
at java.base/java.lang.reflect.Method.invoke(Method.java:580)
at org.testng.internal.invokers.MethodInvocationHelper.invokeMethod(MethodInvocationHelper.java:139)
at org.testng.internal.invokers.TestInvoker.invokeMethod(TestInvoker.java:677)
at org.testng.internal.invokers.TestInvoker.invokeTestMethod(TestInvoker.java:221)
at org.testng.internal.invokers.MethodRunner.runInSequence(MethodRunner.java:50)
at org.testng.internal.invokers.TestInvoker$MethodInvocationAgent.invoke(TestInvoker.java:962)
at org.testng.internal.invokers.TestInvoker.invokeTestMethods(TestInvoker.java:194)
at org.testng.internal.invokers.TestMethodWorker.invokeTestMethods(TestMethodWorker.java:148)
at org.testng.internal.invokers.TestMethodWorker.run(TestMethodWorker.java:128)
at java.base/java.util.ArrayList.forEach(ArrayList.java:1596)
at org.testng.TestRunner.privateRun(TestRunner.java:806)
at org.testng.TestRunner.run(TestRunner.java:601)
at org.testng.SuiteRunner.runTest(SuiteRunner.java:433)
at org.testng.SuiteRunner.runSequentially(SuiteRunner.java:427)
at org.testng.SuiteRunner.privateRun(SuiteRunner.java:387)
at org.testng.SuiteRunner.run(SuiteRunner.java:330)
at org.testng.SuiteRunnerWorker.runSuite(SuiteRunnerWorker.java:52)
at org.testng.SuiteRunnerWorker.run(SuiteRunnerWorker.java:95)
at org.testng.TestNG.runSuitesSequentially(TestNG.java:1256)
at org.testng.TestNG.runSuitesLocally(TestNG.java:1176)
at org.testng.TestNG.runSuites(TestNG.java:1099)
at org.testng.TestNG.run(TestNG.java:1067)
at org.testng.remote.AbstractRemoteTestNG.run(AbstractRemoteTestNG.java:115)
at org.testng.remote.RemoteTestNG.initAndRun(RemoteTestNG.java:293)
at org.testng.remote.RemoteTestNG.main(RemoteTestNG.java:91)
]]>
            </full-stacktrace>
          </exception> <!-- java.lang.AssertionError -->
          <reporter-output>
          </reporter-output>
        </test-method> <!-- testSpecialOffer -->
        <test-method signature="testHourlyOneDay()[pri:3, instance:Test.buyvoicepackTest@7b8233cd]" started-at="2025-06-16T23:04:34 NPT" name="testHourlyOneDay" finished-at="2025-06-16T23:05:32 NPT" duration-ms="58108" status="FAIL">
          <exception class="java.lang.AssertionError">
            <message>
              <![CDATA[Failed to click on: Pay By Balance - Expected condition failed: waiting for element to be clickable: By.xpath: //*[@content-desc='Pay By Balance'] (tried for 30 second(s) with 500 milliseconds interval)]]>
            </message>
            <full-stacktrace>
              <![CDATA[java.lang.AssertionError: Failed to click on: Pay By Balance - Expected condition failed: waiting for element to be clickable: By.xpath: //*[@content-desc='Pay By Balance'] (tried for 30 second(s) with 500 milliseconds interval)
at org.testng.Assert.fail(Assert.java:110)
at Pages.BuyvoicepackPage.clickElement(BuyvoicepackPage.java:298)
at Pages.BuyvoicepackPage.hourlyOneDayFlow(BuyvoicepackPage.java:113)
at Test.buyvoicepackTest.testHourlyOneDay(buyvoicepackTest.java:53)
at java.base/jdk.internal.reflect.DirectMethodHandleAccessor.invoke(DirectMethodHandleAccessor.java:103)
at java.base/java.lang.reflect.Method.invoke(Method.java:580)
at org.testng.internal.invokers.MethodInvocationHelper.invokeMethod(MethodInvocationHelper.java:139)
at org.testng.internal.invokers.TestInvoker.invokeMethod(TestInvoker.java:677)
at org.testng.internal.invokers.TestInvoker.invokeTestMethod(TestInvoker.java:221)
at org.testng.internal.invokers.MethodRunner.runInSequence(MethodRunner.java:50)
at org.testng.internal.invokers.TestInvoker$MethodInvocationAgent.invoke(TestInvoker.java:962)
at org.testng.internal.invokers.TestInvoker.invokeTestMethods(TestInvoker.java:194)
at org.testng.internal.invokers.TestMethodWorker.invokeTestMethods(TestMethodWorker.java:148)
at org.testng.internal.invokers.TestMethodWorker.run(TestMethodWorker.java:128)
at java.base/java.util.ArrayList.forEach(ArrayList.java:1596)
at org.testng.TestRunner.privateRun(TestRunner.java:806)
at org.testng.TestRunner.run(TestRunner.java:601)
at org.testng.SuiteRunner.runTest(SuiteRunner.java:433)
at org.testng.SuiteRunner.runSequentially(SuiteRunner.java:427)
at org.testng.SuiteRunner.privateRun(SuiteRunner.java:387)
at org.testng.SuiteRunner.run(SuiteRunner.java:330)
at org.testng.SuiteRunnerWorker.runSuite(SuiteRunnerWorker.java:52)
at org.testng.SuiteRunnerWorker.run(SuiteRunnerWorker.java:95)
at org.testng.TestNG.runSuitesSequentially(TestNG.java:1256)
at org.testng.TestNG.runSuitesLocally(TestNG.java:1176)
at org.testng.TestNG.runSuites(TestNG.java:1099)
at org.testng.TestNG.run(TestNG.java:1067)
at org.testng.remote.AbstractRemoteTestNG.run(AbstractRemoteTestNG.java:115)
at org.testng.remote.RemoteTestNG.initAndRun(RemoteTestNG.java:293)
at org.testng.remote.RemoteTestNG.main(RemoteTestNG.java:91)
]]>
            </full-stacktrace>
          </exception> <!-- java.lang.AssertionError -->
          <reporter-output>
          </reporter-output>
        </test-method> <!-- testHourlyOneDay -->
        <test-method signature="testThreeToSevenDay()[pri:4, instance:Test.buyvoicepackTest@7b8233cd]" started-at="2025-06-16T23:05:32 NPT" name="testThreeToSevenDay" finished-at="2025-06-16T23:06:05 NPT" duration-ms="33042" status="FAIL">
          <exception class="java.lang.AssertionError">
            <message>
              <![CDATA[Failed to click on: 3 - 7 Days - Expected condition failed: waiting for element to be clickable: By.xpath: //*[@content-desc='3 - 7 Days'] (tried for 30 second(s) with 500 milliseconds interval)]]>
            </message>
            <full-stacktrace>
              <![CDATA[java.lang.AssertionError: Failed to click on: 3 - 7 Days - Expected condition failed: waiting for element to be clickable: By.xpath: //*[@content-desc='3 - 7 Days'] (tried for 30 second(s) with 500 milliseconds interval)
at org.testng.Assert.fail(Assert.java:110)
at Pages.BuyvoicepackPage.clickElement(BuyvoicepackPage.java:298)
at Pages.BuyvoicepackPage.threeToSevenDayFlow(BuyvoicepackPage.java:127)
at Test.buyvoicepackTest.testThreeToSevenDay(buyvoicepackTest.java:65)
at java.base/jdk.internal.reflect.DirectMethodHandleAccessor.invoke(DirectMethodHandleAccessor.java:103)
at java.base/java.lang.reflect.Method.invoke(Method.java:580)
at org.testng.internal.invokers.MethodInvocationHelper.invokeMethod(MethodInvocationHelper.java:139)
at org.testng.internal.invokers.TestInvoker.invokeMethod(TestInvoker.java:677)
at org.testng.internal.invokers.TestInvoker.invokeTestMethod(TestInvoker.java:221)
at org.testng.internal.invokers.MethodRunner.runInSequence(MethodRunner.java:50)
at org.testng.internal.invokers.TestInvoker$MethodInvocationAgent.invoke(TestInvoker.java:962)
at org.testng.internal.invokers.TestInvoker.invokeTestMethods(TestInvoker.java:194)
at org.testng.internal.invokers.TestMethodWorker.invokeTestMethods(TestMethodWorker.java:148)
at org.testng.internal.invokers.TestMethodWorker.run(TestMethodWorker.java:128)
at java.base/java.util.ArrayList.forEach(ArrayList.java:1596)
at org.testng.TestRunner.privateRun(TestRunner.java:806)
at org.testng.TestRunner.run(TestRunner.java:601)
at org.testng.SuiteRunner.runTest(SuiteRunner.java:433)
at org.testng.SuiteRunner.runSequentially(SuiteRunner.java:427)
at org.testng.SuiteRunner.privateRun(SuiteRunner.java:387)
at org.testng.SuiteRunner.run(SuiteRunner.java:330)
at org.testng.SuiteRunnerWorker.runSuite(SuiteRunnerWorker.java:52)
at org.testng.SuiteRunnerWorker.run(SuiteRunnerWorker.java:95)
at org.testng.TestNG.runSuitesSequentially(TestNG.java:1256)
at org.testng.TestNG.runSuitesLocally(TestNG.java:1176)
at org.testng.TestNG.runSuites(TestNG.java:1099)
at org.testng.TestNG.run(TestNG.java:1067)
at org.testng.remote.AbstractRemoteTestNG.run(AbstractRemoteTestNG.java:115)
at org.testng.remote.RemoteTestNG.initAndRun(RemoteTestNG.java:293)
at org.testng.remote.RemoteTestNG.main(RemoteTestNG.java:91)
]]>
            </full-stacktrace>
          </exception> <!-- java.lang.AssertionError -->
          <reporter-output>
          </reporter-output>
        </test-method> <!-- testThreeToSevenDay -->
        <test-method signature="testTwentyEightDays()[pri:5, instance:Test.buyvoicepackTest@7b8233cd]" started-at="2025-06-16T23:06:05 NPT" name="testTwentyEightDays" finished-at="2025-06-16T23:06:42 NPT" duration-ms="36218" status="FAIL">
          <exception class="java.lang.AssertionError">
            <message>
              <![CDATA[Failed to click on: 28 Days - Expected condition failed: waiting for element to be clickable: By.xpath: //*[@content-desc='28 Days'] (tried for 30 second(s) with 500 milliseconds interval)]]>
            </message>
            <full-stacktrace>
              <![CDATA[java.lang.AssertionError: Failed to click on: 28 Days - Expected condition failed: waiting for element to be clickable: By.xpath: //*[@content-desc='28 Days'] (tried for 30 second(s) with 500 milliseconds interval)
at org.testng.Assert.fail(Assert.java:110)
at Pages.BuyvoicepackPage.clickElement(BuyvoicepackPage.java:298)
at Pages.BuyvoicepackPage.twentyEightDaysFlow(BuyvoicepackPage.java:144)
at Test.buyvoicepackTest.testTwentyEightDays(buyvoicepackTest.java:77)
at java.base/jdk.internal.reflect.DirectMethodHandleAccessor.invoke(DirectMethodHandleAccessor.java:103)
at java.base/java.lang.reflect.Method.invoke(Method.java:580)
at org.testng.internal.invokers.MethodInvocationHelper.invokeMethod(MethodInvocationHelper.java:139)
at org.testng.internal.invokers.TestInvoker.invokeMethod(TestInvoker.java:677)
at org.testng.internal.invokers.TestInvoker.invokeTestMethod(TestInvoker.java:221)
at org.testng.internal.invokers.MethodRunner.runInSequence(MethodRunner.java:50)
at org.testng.internal.invokers.TestInvoker$MethodInvocationAgent.invoke(TestInvoker.java:962)
at org.testng.internal.invokers.TestInvoker.invokeTestMethods(TestInvoker.java:194)
at org.testng.internal.invokers.TestMethodWorker.invokeTestMethods(TestMethodWorker.java:148)
at org.testng.internal.invokers.TestMethodWorker.run(TestMethodWorker.java:128)
at java.base/java.util.ArrayList.forEach(ArrayList.java:1596)
at org.testng.TestRunner.privateRun(TestRunner.java:806)
at org.testng.TestRunner.run(TestRunner.java:601)
at org.testng.SuiteRunner.runTest(SuiteRunner.java:433)
at org.testng.SuiteRunner.runSequentially(SuiteRunner.java:427)
at org.testng.SuiteRunner.privateRun(SuiteRunner.java:387)
at org.testng.SuiteRunner.run(SuiteRunner.java:330)
at org.testng.SuiteRunnerWorker.runSuite(SuiteRunnerWorker.java:52)
at org.testng.SuiteRunnerWorker.run(SuiteRunnerWorker.java:95)
at org.testng.TestNG.runSuitesSequentially(TestNG.java:1256)
at org.testng.TestNG.runSuitesLocally(TestNG.java:1176)
at org.testng.TestNG.runSuites(TestNG.java:1099)
at org.testng.TestNG.run(TestNG.java:1067)
at org.testng.remote.AbstractRemoteTestNG.run(AbstractRemoteTestNG.java:115)
at org.testng.remote.RemoteTestNG.initAndRun(RemoteTestNG.java:293)
at org.testng.remote.RemoteTestNG.main(RemoteTestNG.java:91)
]]>
            </full-stacktrace>
          </exception> <!-- java.lang.AssertionError -->
          <reporter-output>
          </reporter-output>
        </test-method> <!-- testTwentyEightDays -->
        <test-method signature="testEightyFourDays()[pri:6, instance:Test.buyvoicepackTest@7b8233cd]" started-at="2025-06-16T23:06:42 NPT" name="testEightyFourDays" finished-at="2025-06-16T23:07:28 NPT" duration-ms="46265" status="FAIL">
          <exception class="java.lang.AssertionError">
            <message>
              <![CDATA[Failed to click on: 84 Days - Expected condition failed: waiting for element to be clickable: By.xpath: //*[@content-desc='84 Days'] (tried for 30 second(s) with 500 milliseconds interval)]]>
            </message>
            <full-stacktrace>
              <![CDATA[java.lang.AssertionError: Failed to click on: 84 Days - Expected condition failed: waiting for element to be clickable: By.xpath: //*[@content-desc='84 Days'] (tried for 30 second(s) with 500 milliseconds interval)
at org.testng.Assert.fail(Assert.java:110)
at Pages.BuyvoicepackPage.clickElement(BuyvoicepackPage.java:298)
at Pages.BuyvoicepackPage.eightyFourDaysFlow(BuyvoicepackPage.java:164)
at Test.buyvoicepackTest.testEightyFourDays(buyvoicepackTest.java:89)
at java.base/jdk.internal.reflect.DirectMethodHandleAccessor.invoke(DirectMethodHandleAccessor.java:103)
at java.base/java.lang.reflect.Method.invoke(Method.java:580)
at org.testng.internal.invokers.MethodInvocationHelper.invokeMethod(MethodInvocationHelper.java:139)
at org.testng.internal.invokers.TestInvoker.invokeMethod(TestInvoker.java:677)
at org.testng.internal.invokers.TestInvoker.invokeTestMethod(TestInvoker.java:221)
at org.testng.internal.invokers.MethodRunner.runInSequence(MethodRunner.java:50)
at org.testng.internal.invokers.TestInvoker$MethodInvocationAgent.invoke(TestInvoker.java:962)
at org.testng.internal.invokers.TestInvoker.invokeTestMethods(TestInvoker.java:194)
at org.testng.internal.invokers.TestMethodWorker.invokeTestMethods(TestMethodWorker.java:148)
at org.testng.internal.invokers.TestMethodWorker.run(TestMethodWorker.java:128)
at java.base/java.util.ArrayList.forEach(ArrayList.java:1596)
at org.testng.TestRunner.privateRun(TestRunner.java:806)
at org.testng.TestRunner.run(TestRunner.java:601)
at org.testng.SuiteRunner.runTest(SuiteRunner.java:433)
at org.testng.SuiteRunner.runSequentially(SuiteRunner.java:427)
at org.testng.SuiteRunner.privateRun(SuiteRunner.java:387)
at org.testng.SuiteRunner.run(SuiteRunner.java:330)
at org.testng.SuiteRunnerWorker.runSuite(SuiteRunnerWorker.java:52)
at org.testng.SuiteRunnerWorker.run(SuiteRunnerWorker.java:95)
at org.testng.TestNG.runSuitesSequentially(TestNG.java:1256)
at org.testng.TestNG.runSuitesLocally(TestNG.java:1176)
at org.testng.TestNG.runSuites(TestNG.java:1099)
at org.testng.TestNG.run(TestNG.java:1067)
at org.testng.remote.AbstractRemoteTestNG.run(AbstractRemoteTestNG.java:115)
at org.testng.remote.RemoteTestNG.initAndRun(RemoteTestNG.java:293)
at org.testng.remote.RemoteTestNG.main(RemoteTestNG.java:91)
]]>
            </full-stacktrace>
          </exception> <!-- java.lang.AssertionError -->
          <reporter-output>
          </reporter-output>
        </test-method> <!-- testEightyFourDays -->
        <test-method signature="testIndiaIldDays()[pri:7, instance:Test.buyvoicepackTest@7b8233cd]" started-at="2025-06-16T23:07:28 NPT" name="testIndiaIldDays" finished-at="2025-06-16T23:08:29 NPT" duration-ms="60824" status="FAIL">
          <exception class="java.lang.AssertionError">
            <message>
              <![CDATA[Failed to click on: India + ILD - Expected condition failed: waiting for element to be clickable: By.xpath: //*[@content-desc='India + ILD'] (tried for 30 second(s) with 500 milliseconds interval)]]>
            </message>
            <full-stacktrace>
              <![CDATA[java.lang.AssertionError: Failed to click on: India + ILD - Expected condition failed: waiting for element to be clickable: By.xpath: //*[@content-desc='India + ILD'] (tried for 30 second(s) with 500 milliseconds interval)
at org.testng.Assert.fail(Assert.java:110)
at Pages.BuyvoicepackPage.clickElement(BuyvoicepackPage.java:298)
at Pages.BuyvoicepackPage.indiaIldFlow(BuyvoicepackPage.java:181)
at Test.buyvoicepackTest.testIndiaIldDays(buyvoicepackTest.java:101)
at java.base/jdk.internal.reflect.DirectMethodHandleAccessor.invoke(DirectMethodHandleAccessor.java:103)
at java.base/java.lang.reflect.Method.invoke(Method.java:580)
at org.testng.internal.invokers.MethodInvocationHelper.invokeMethod(MethodInvocationHelper.java:139)
at org.testng.internal.invokers.TestInvoker.invokeMethod(TestInvoker.java:677)
at org.testng.internal.invokers.TestInvoker.invokeTestMethod(TestInvoker.java:221)
at org.testng.internal.invokers.MethodRunner.runInSequence(MethodRunner.java:50)
at org.testng.internal.invokers.TestInvoker$MethodInvocationAgent.invoke(TestInvoker.java:962)
at org.testng.internal.invokers.TestInvoker.invokeTestMethods(TestInvoker.java:194)
at org.testng.internal.invokers.TestMethodWorker.invokeTestMethods(TestMethodWorker.java:148)
at org.testng.internal.invokers.TestMethodWorker.run(TestMethodWorker.java:128)
at java.base/java.util.ArrayList.forEach(ArrayList.java:1596)
at org.testng.TestRunner.privateRun(TestRunner.java:806)
at org.testng.TestRunner.run(TestRunner.java:601)
at org.testng.SuiteRunner.runTest(SuiteRunner.java:433)
at org.testng.SuiteRunner.runSequentially(SuiteRunner.java:427)
at org.testng.SuiteRunner.privateRun(SuiteRunner.java:387)
at org.testng.SuiteRunner.run(SuiteRunner.java:330)
at org.testng.SuiteRunnerWorker.runSuite(SuiteRunnerWorker.java:52)
at org.testng.SuiteRunnerWorker.run(SuiteRunnerWorker.java:95)
at org.testng.TestNG.runSuitesSequentially(TestNG.java:1256)
at org.testng.TestNG.runSuitesLocally(TestNG.java:1176)
at org.testng.TestNG.runSuites(TestNG.java:1099)
at org.testng.TestNG.run(TestNG.java:1067)
at org.testng.remote.AbstractRemoteTestNG.run(AbstractRemoteTestNG.java:115)
at org.testng.remote.RemoteTestNG.initAndRun(RemoteTestNG.java:293)
at org.testng.remote.RemoteTestNG.main(RemoteTestNG.java:91)
]]>
            </full-stacktrace>
          </exception> <!-- java.lang.AssertionError -->
          <reporter-output>
          </reporter-output>
        </test-method> <!-- testIndiaIldDays -->
        <test-method is-config="true" signature="tearDown()[pri:0, instance:Test.buyvoicepackTest@7b8233cd]" started-at="2025-06-16T23:08:29 NPT" name="tearDown" finished-at="2025-06-16T23:08:36 NPT" duration-ms="7647" status="PASS">
          <reporter-output>
          </reporter-output>
        </test-method> <!-- tearDown -->
        <test-method is-config="true" signature="closeReport()[pri:0, instance:Test.buyvoicepackTest@7b8233cd]" started-at="2025-06-16T23:09:24 NPT" name="closeReport" finished-at="2025-06-16T23:09:25 NPT" duration-ms="1711" status="PASS">
          <reporter-output>
          </reporter-output>
        </test-method> <!-- closeReport -->
      </class> <!-- Test.buyvoicepackTest -->
    </test> <!-- Default test -->
  </suite> <!-- Default suite -->
</testng-results>
