<?xml version="1.0" encoding="UTF-8"?>
<!-- Generated by org.testng.reporters.JUnitReportReporter -->
<testsuite hostname="DESKTOP-F5MTO4C" failures="1" tests="7" name="Test.UtilityTest" time="347.277" errors="0" timestamp="2025-06-16T10:30:00 NPT" skipped="0">
  <testcase classname="Test.UtilityTest" name="openNepaliNewsTest" time="21.233"/>
  <system-out/>
  <testcase classname="Test.UtilityTest" name="openHoroscopeTest" time="61.158"/>
  <system-out/>
  <testcase classname="Test.UtilityTest" name="openGoldSilverPriceTest" time="23.364"/>
  <system-out/>
  <testcase classname="Test.UtilityTest" name="openShareMarketLiveTest" time="23.636"/>
  <system-out/>
  <testcase classname="Test.UtilityTest" name="openWeatherTest" time="39.763"/>
  <system-out/>
  <testcase classname="Test.UtilityTest" name="openExchangeRateTest" time="30.575"/>
  <system-out/>
  <testcase classname="Test.UtilityTest" name="openEplLiveScoreTest" time="147.548">
    <failure message="EPL Live Score not found after 7 swipes." type="java.lang.AssertionError">
      <![CDATA[java.lang.AssertionError: EPL Live Score not found after 7 swipes.
at org.testng.Assert.fail(Assert.java:110)
at Pages.UtilitiesPage.clickElementWithSwipe(UtilitiesPage.java:189)
at Pages.UtilitiesPage.openUtility(UtilitiesPage.java:157)
at Pages.UtilitiesPage.openEplLiveScore(UtilitiesPage.java:104)
at Test.UtilityTest.openEplLiveScoreTest(UtilityTest.java:76)
at java.base/jdk.internal.reflect.DirectMethodHandleAccessor.invoke(DirectMethodHandleAccessor.java:103)
at java.base/java.lang.reflect.Method.invoke(Method.java:580)
at org.testng.internal.invokers.MethodInvocationHelper.invokeMethod(MethodInvocationHelper.java:139)
at org.testng.internal.invokers.TestInvoker.invokeMethod(TestInvoker.java:677)
at org.testng.internal.invokers.TestInvoker.invokeTestMethod(TestInvoker.java:221)
at org.testng.internal.invokers.MethodRunner.runInSequence(MethodRunner.java:50)
at org.testng.internal.invokers.TestInvoker$MethodInvocationAgent.invoke(TestInvoker.java:962)
at org.testng.internal.invokers.TestInvoker.invokeTestMethods(TestInvoker.java:194)
at org.testng.internal.invokers.TestMethodWorker.invokeTestMethods(TestMethodWorker.java:148)
at org.testng.internal.invokers.TestMethodWorker.run(TestMethodWorker.java:128)
at java.base/java.util.ArrayList.forEach(ArrayList.java:1596)
at org.testng.TestRunner.privateRun(TestRunner.java:806)
at org.testng.TestRunner.run(TestRunner.java:601)
at org.testng.SuiteRunner.runTest(SuiteRunner.java:433)
at org.testng.SuiteRunner.runSequentially(SuiteRunner.java:427)
at org.testng.SuiteRunner.privateRun(SuiteRunner.java:387)
at org.testng.SuiteRunner.run(SuiteRunner.java:330)
at org.testng.SuiteRunnerWorker.runSuite(SuiteRunnerWorker.java:52)
at org.testng.SuiteRunnerWorker.run(SuiteRunnerWorker.java:95)
at org.testng.TestNG.runSuitesSequentially(TestNG.java:1256)
at org.testng.TestNG.runSuitesLocally(TestNG.java:1176)
at org.testng.TestNG.runSuites(TestNG.java:1099)
at org.testng.TestNG.run(TestNG.java:1067)
at org.testng.remote.AbstractRemoteTestNG.run(AbstractRemoteTestNG.java:115)
at org.testng.remote.RemoteTestNG.initAndRun(RemoteTestNG.java:293)
at org.testng.remote.RemoteTestNG.main(RemoteTestNG.java:91)
]]>
    </failure>
  </testcase> <!-- openEplLiveScoreTest -->
  <system-out/>
</testsuite> <!-- Test.UtilityTest -->
