<?xml version="1.0" encoding="UTF-8"?>
<!-- Generated by org.testng.reporters.JUnitReportReporter -->
<testsuite hostname="DESKTOP-F5MTO4C" failures="2" tests="7" name="Test.BuyDataPackTest" time="762.949" errors="0" timestamp="2025-06-12T23:10:40 NPT" skipped="0">
  <testcase classname="Test.BuyDataPackTest" name="testRenewalPack" time="242.056">
    <failure message="Failed to click on Cancel Button after waiting 90 seconds. Last error: Expected condition failed: waiting for element to be clickable: By.xpath: //android.widget.Button[@content-desc=&quot;Cancel&quot;]/android.view.ViewGroup (tried for 5 second(s) with 500 milliseconds interval)" type="java.lang.AssertionError">
      <![CDATA[java.lang.AssertionError: Failed to click on Cancel Button after waiting 90 seconds. Last error: Expected condition failed: waiting for element to be clickable: By.xpath: //android.widget.Button[@content-desc="Cancel"]/android.view.ViewGroup (tried for 5 second(s) with 500 milliseconds interval)
at org.testng.Assert.fail(Assert.java:110)
at Pages.BuyDataPackPage.clickElement(BuyDataPackPage.java:266)
at Pages.BuyDataPackPage.renewelpack(BuyDataPackPage.java:76)
at Test.BuyDataPackTest.testRenewalPack(BuyDataPackTest.java:29)
at java.base/jdk.internal.reflect.DirectMethodHandleAccessor.invoke(DirectMethodHandleAccessor.java:103)
at java.base/java.lang.reflect.Method.invoke(Method.java:580)
at org.testng.internal.invokers.MethodInvocationHelper.invokeMethod(MethodInvocationHelper.java:139)
at org.testng.internal.invokers.TestInvoker.invokeMethod(TestInvoker.java:677)
at org.testng.internal.invokers.TestInvoker.invokeTestMethod(TestInvoker.java:221)
at org.testng.internal.invokers.MethodRunner.runInSequence(MethodRunner.java:50)
at org.testng.internal.invokers.TestInvoker$MethodInvocationAgent.invoke(TestInvoker.java:962)
at org.testng.internal.invokers.TestInvoker.invokeTestMethods(TestInvoker.java:194)
at org.testng.internal.invokers.TestMethodWorker.invokeTestMethods(TestMethodWorker.java:148)
at org.testng.internal.invokers.TestMethodWorker.run(TestMethodWorker.java:128)
at java.base/java.util.ArrayList.forEach(ArrayList.java:1596)
at org.testng.TestRunner.privateRun(TestRunner.java:806)
at org.testng.TestRunner.run(TestRunner.java:601)
at org.testng.SuiteRunner.runTest(SuiteRunner.java:433)
at org.testng.SuiteRunner.runSequentially(SuiteRunner.java:427)
at org.testng.SuiteRunner.privateRun(SuiteRunner.java:387)
at org.testng.SuiteRunner.run(SuiteRunner.java:330)
at org.testng.SuiteRunnerWorker.runSuite(SuiteRunnerWorker.java:52)
at org.testng.SuiteRunnerWorker.run(SuiteRunnerWorker.java:95)
at org.testng.TestNG.runSuitesSequentially(TestNG.java:1256)
at org.testng.TestNG.runSuitesLocally(TestNG.java:1176)
at org.testng.TestNG.runSuites(TestNG.java:1099)
at org.testng.TestNG.run(TestNG.java:1067)
at org.testng.remote.AbstractRemoteTestNG.run(AbstractRemoteTestNG.java:115)
at org.testng.remote.RemoteTestNG.initAndRun(RemoteTestNG.java:293)
at org.testng.remote.RemoteTestNG.main(RemoteTestNG.java:91)
]]>
    </failure>
  </testcase> <!-- testRenewalPack -->
  <system-out/>
  <testcase classname="Test.BuyDataPackTest" name="testTopSellers" time="112.449"/>
  <system-out/>
  <testcase classname="Test.BuyDataPackTest" name="sidhaon" time="120.772"/>
  <system-out/>
  <testcase classname="Test.BuyDataPackTest" name="onethreedays" time="45.015"/>
  <system-out/>
  <testcase classname="Test.BuyDataPackTest" name="testSevenDay" time="123.652">
    <failure message="Failed to click on Pay By Balance after waiting 90 seconds. Last error: Expected condition failed: waiting for element to be clickable: By.xpath: //android.view.ViewGroup[@content-desc=&quot;Pay By Balance&quot;] (tried for 5 second(s) with 500 milliseconds interval)" type="java.lang.AssertionError">
      <![CDATA[java.lang.AssertionError: Failed to click on Pay By Balance after waiting 90 seconds. Last error: Expected condition failed: waiting for element to be clickable: By.xpath: //android.view.ViewGroup[@content-desc="Pay By Balance"] (tried for 5 second(s) with 500 milliseconds interval)
at org.testng.Assert.fail(Assert.java:110)
at Pages.BuyDataPackPage.clickElement(BuyDataPackPage.java:266)
at Pages.BuyDataPackPage.sevenday(BuyDataPackPage.java:142)
at Test.BuyDataPackTest.testSevenDay(BuyDataPackTest.java:79)
at java.base/jdk.internal.reflect.DirectMethodHandleAccessor.invoke(DirectMethodHandleAccessor.java:103)
at java.base/java.lang.reflect.Method.invoke(Method.java:580)
at org.testng.internal.invokers.MethodInvocationHelper.invokeMethod(MethodInvocationHelper.java:139)
at org.testng.internal.invokers.TestInvoker.invokeMethod(TestInvoker.java:677)
at org.testng.internal.invokers.TestInvoker.invokeTestMethod(TestInvoker.java:221)
at org.testng.internal.invokers.MethodRunner.runInSequence(MethodRunner.java:50)
at org.testng.internal.invokers.TestInvoker$MethodInvocationAgent.invoke(TestInvoker.java:962)
at org.testng.internal.invokers.TestInvoker.invokeTestMethods(TestInvoker.java:194)
at org.testng.internal.invokers.TestMethodWorker.invokeTestMethods(TestMethodWorker.java:148)
at org.testng.internal.invokers.TestMethodWorker.run(TestMethodWorker.java:128)
at java.base/java.util.ArrayList.forEach(ArrayList.java:1596)
at org.testng.TestRunner.privateRun(TestRunner.java:806)
at org.testng.TestRunner.run(TestRunner.java:601)
at org.testng.SuiteRunner.runTest(SuiteRunner.java:433)
at org.testng.SuiteRunner.runSequentially(SuiteRunner.java:427)
at org.testng.SuiteRunner.privateRun(SuiteRunner.java:387)
at org.testng.SuiteRunner.run(SuiteRunner.java:330)
at org.testng.SuiteRunnerWorker.runSuite(SuiteRunnerWorker.java:52)
at org.testng.SuiteRunnerWorker.run(SuiteRunnerWorker.java:95)
at org.testng.TestNG.runSuitesSequentially(TestNG.java:1256)
at org.testng.TestNG.runSuitesLocally(TestNG.java:1176)
at org.testng.TestNG.runSuites(TestNG.java:1099)
at org.testng.TestNG.run(TestNG.java:1067)
at org.testng.remote.AbstractRemoteTestNG.run(AbstractRemoteTestNG.java:115)
at org.testng.remote.RemoteTestNG.initAndRun(RemoteTestNG.java:293)
at org.testng.remote.RemoteTestNG.main(RemoteTestNG.java:91)
]]>
    </failure>
  </testcase> <!-- testSevenDay -->
  <system-out/>
  <testcase classname="Test.BuyDataPackTest" name="testTwentyEightDays" time="80.470"/>
  <system-out/>
  <testcase classname="Test.BuyDataPackTest" name="testEightyFourDays" time="38.535"/>
  <system-out/>
</testsuite> <!-- Test.BuyDataPackTest -->
